The system is: Windows - 10.0.22000 - AMD64
Compiling the C compiler identification source file "CMakeCCompilerId.c" succeeded.
Compiler:  
Build flags: /DWIN32;/D_WINDOWS
Id flags:  

The output was:
0
Microsoft (R) Build Engine 16.11.2+f32259642 dla platformy .NET Framework
Copyright (C) Microsoft Corporation. Wszelkie prawa zastrzeľone.

Kompilacja rozpocz©a si© 04.01.2022 16:14:05.
Projekt "C:\Users\jstol\CLionProjects\asio_network_programming\build\CMakeFiles\3.22.0\CompilerIdC\CompilerIdC.vcxproj" w w©«le 1 (domylne elementy docelowe).
PrepareForBuild:
  Tworzenie katalogu "Debug\".
  Tworzenie katalogu "Debug\CompilerIdC.tlog\".
InitializeBuildStatus:
  Trwa tworzenie "Debug\CompilerIdC.tlog\unsuccessfulbuild", poniewaľ okrelono "AlwaysCreate".
VcpkgTripletSelection:
  Using triplet "x64-windows" from "C:\Projekty\cpp-lib\vcpkg\installed\\x64-windows\"
ClCompile:
  C:\Program Files (x86)\Microsoft Visual Studio\2019\Community\VC\Tools\MSVC\14.29.30133\bin\HostX64\x64\CL.exe /c /I"C:\Projekty\cpp-lib\vcpkg\installed\\x64-windows\include" /nologo /W0 /WX- /diagnostics:column /Od /D _MBCS /Gm- /EHsc /RTC1 /MDd /GS /fp:precise /Zc:wchar_t /Zc:forScope /Zc:inline /Fo"Debug\\" /Fd"Debug\vc142.pdb" /external:W0 /Gd /TC /FC /errorReport:queue CMakeCCompilerId.c
  CMakeCCompilerId.c
Link:
  C:\Program Files (x86)\Microsoft Visual Studio\2019\Community\VC\Tools\MSVC\14.29.30133\bin\HostX64\x64\link.exe /ERRORREPORT:QUEUE /OUT:".\CompilerIdC.exe" /INCREMENTAL:NO /NOLOGO /LIBPATH:"C:\Projekty\cpp-lib\vcpkg\installed\\x64-windows\debug\lib" /LIBPATH:"C:\Projekty\cpp-lib\vcpkg\installed\\x64-windows\debug\lib\manual-link" kernel32.lib user32.lib gdi32.lib winspool.lib comdlg32.lib advapi32.lib shell32.lib ole32.lib oleaut32.lib uuid.lib odbc32.lib odbccp32.lib "C:\Projekty\cpp-lib\vcpkg\installed\\x64-windows\debug\lib\*.lib" /MANIFEST /MANIFESTUAC:"level='asInvoker' uiAccess='false'" /manifest:embed /PDB:".\CompilerIdC.pdb" /SUBSYSTEM:CONSOLE /TLBID:1 /DYNAMICBASE /NXCOMPAT /IMPLIB:".\CompilerIdC.lib" /MACHINE:X64 Debug\CMakeCCompilerId.obj
  CompilerIdC.vcxproj -> C:\Users\jstol\CLionProjects\asio_network_programming\build\CMakeFiles\3.22.0\CompilerIdC\CompilerIdC.exe
AppLocalFromInstalled:
  pwsh.exe -ExecutionPolicy Bypass -noprofile -File "C:\Projekty\cpp-lib\vcpkg\scripts\buildsystems\msbuild\applocal.ps1" "C:\Users\jstol\CLionProjects\asio_network_programming\build\CMakeFiles\3.22.0\CompilerIdC\CompilerIdC.exe" "C:\Projekty\cpp-lib\vcpkg\installed\\x64-windows\debug\bin" "Debug\CompilerIdC.tlog\CompilerIdC.write.1u.tlog" "Debug\vcpkg.applocal.log"
  'pwsh.exe' is not recognized as an internal or external command,
  operable program or batch file.
  Polecenie "pwsh.exe -ExecutionPolicy Bypass -noprofile -File "C:\Projekty\cpp-lib\vcpkg\scripts\buildsystems\msbuild\applocal.ps1" "C:\Users\jstol\CLionProjects\asio_network_programming\build\CMakeFiles\3.22.0\CompilerIdC\CompilerIdC.exe" "C:\Projekty\cpp-lib\vcpkg\installed\\x64-windows\debug\bin" "Debug\CompilerIdC.tlog\CompilerIdC.write.1u.tlog" "Debug\vcpkg.applocal.log"" zostao zakoäczone przez kod 9009.
  "C:\WINDOWS\System32\WindowsPowerShell\v1.0\powershell.exe" -ExecutionPolicy Bypass -noprofile -File "C:\Projekty\cpp-lib\vcpkg\scripts\buildsystems\msbuild\applocal.ps1" "C:\Users\jstol\CLionProjects\asio_network_programming\build\CMakeFiles\3.22.0\CompilerIdC\CompilerIdC.exe" "C:\Projekty\cpp-lib\vcpkg\installed\\x64-windows\debug\bin" "Debug\CompilerIdC.tlog\CompilerIdC.write.1u.tlog" "Debug\vcpkg.applocal.log"
PostBuildEvent:
  for %%i in (cl.exe) do @echo CMAKE_C_COMPILER=%%~$PATH:i
  :VCEnd
  CMAKE_C_COMPILER=C:\Program Files (x86)\Microsoft Visual Studio\2019\Community\VC\Tools\MSVC\14.29.30133\bin\Hostx64\x64\cl.exe
FinalizeBuildStatus:
  Usuwanie pliku "Debug\CompilerIdC.tlog\unsuccessfulbuild".
  Modyfikowanie "Debug\CompilerIdC.tlog\CompilerIdC.lastbuildstate".
Kompilowanie projektu "C:\Users\jstol\CLionProjects\asio_network_programming\build\CMakeFiles\3.22.0\CompilerIdC\CompilerIdC.vcxproj" wykonane (domylne elementy docelowe).

Kompilacja powioda si©.
    Ostrzeľenia: 0
    Liczba b©d˘w: 0

Czas, kt˘ry upynĄ: 00:00:01.36


Compilation of the C compiler identification source "CMakeCCompilerId.c" produced "CompilerIdC.exe"

Compilation of the C compiler identification source "CMakeCCompilerId.c" produced "CompilerIdC.vcxproj"

The C compiler identification is MSVC, found in "C:/Users/jstol/CLionProjects/asio_network_programming/build/CMakeFiles/3.22.0/CompilerIdC/CompilerIdC.exe"

Compiling the CXX compiler identification source file "CMakeCXXCompilerId.cpp" succeeded.
Compiler:  
Build flags: /DWIN32;/D_WINDOWS;/EHsc
Id flags:  

The output was:
0
Microsoft (R) Build Engine 16.11.2+f32259642 dla platformy .NET Framework
Copyright (C) Microsoft Corporation. Wszelkie prawa zastrzeľone.

Kompilacja rozpocz©a si© 04.01.2022 16:14:07.
Projekt "C:\Users\jstol\CLionProjects\asio_network_programming\build\CMakeFiles\3.22.0\CompilerIdCXX\CompilerIdCXX.vcxproj" w w©«le 1 (domylne elementy docelowe).
PrepareForBuild:
  Tworzenie katalogu "Debug\".
  Tworzenie katalogu "Debug\CompilerIdCXX.tlog\".
InitializeBuildStatus:
  Trwa tworzenie "Debug\CompilerIdCXX.tlog\unsuccessfulbuild", poniewaľ okrelono "AlwaysCreate".
VcpkgTripletSelection:
  Using triplet "x64-windows" from "C:\Projekty\cpp-lib\vcpkg\installed\\x64-windows\"
ClCompile:
  C:\Program Files (x86)\Microsoft Visual Studio\2019\Community\VC\Tools\MSVC\14.29.30133\bin\HostX64\x64\CL.exe /c /I"C:\Projekty\cpp-lib\vcpkg\installed\\x64-windows\include" /nologo /W0 /WX- /diagnostics:column /Od /D _MBCS /Gm- /EHsc /RTC1 /MDd /GS /fp:precise /Zc:wchar_t /Zc:forScope /Zc:inline /Fo"Debug\\" /Fd"Debug\vc142.pdb" /external:W0 /Gd /TP /FC /errorReport:queue CMakeCXXCompilerId.cpp
  CMakeCXXCompilerId.cpp
Link:
  C:\Program Files (x86)\Microsoft Visual Studio\2019\Community\VC\Tools\MSVC\14.29.30133\bin\HostX64\x64\link.exe /ERRORREPORT:QUEUE /OUT:".\CompilerIdCXX.exe" /INCREMENTAL:NO /NOLOGO /LIBPATH:"C:\Projekty\cpp-lib\vcpkg\installed\\x64-windows\debug\lib" /LIBPATH:"C:\Projekty\cpp-lib\vcpkg\installed\\x64-windows\debug\lib\manual-link" kernel32.lib user32.lib gdi32.lib winspool.lib comdlg32.lib advapi32.lib shell32.lib ole32.lib oleaut32.lib uuid.lib odbc32.lib odbccp32.lib "C:\Projekty\cpp-lib\vcpkg\installed\\x64-windows\debug\lib\*.lib" /MANIFEST /MANIFESTUAC:"level='asInvoker' uiAccess='false'" /manifest:embed /PDB:".\CompilerIdCXX.pdb" /SUBSYSTEM:CONSOLE /TLBID:1 /DYNAMICBASE /NXCOMPAT /IMPLIB:".\CompilerIdCXX.lib" /MACHINE:X64 Debug\CMakeCXXCompilerId.obj
  CompilerIdCXX.vcxproj -> C:\Users\jstol\CLionProjects\asio_network_programming\build\CMakeFiles\3.22.0\CompilerIdCXX\CompilerIdCXX.exe
AppLocalFromInstalled:
  pwsh.exe -ExecutionPolicy Bypass -noprofile -File "C:\Projekty\cpp-lib\vcpkg\scripts\buildsystems\msbuild\applocal.ps1" "C:\Users\jstol\CLionProjects\asio_network_programming\build\CMakeFiles\3.22.0\CompilerIdCXX\CompilerIdCXX.exe" "C:\Projekty\cpp-lib\vcpkg\installed\\x64-windows\debug\bin" "Debug\CompilerIdCXX.tlog\CompilerIdCXX.write.1u.tlog" "Debug\vcpkg.applocal.log"
  'pwsh.exe' is not recognized as an internal or external command,
  operable program or batch file.
  Polecenie "pwsh.exe -ExecutionPolicy Bypass -noprofile -File "C:\Projekty\cpp-lib\vcpkg\scripts\buildsystems\msbuild\applocal.ps1" "C:\Users\jstol\CLionProjects\asio_network_programming\build\CMakeFiles\3.22.0\CompilerIdCXX\CompilerIdCXX.exe" "C:\Projekty\cpp-lib\vcpkg\installed\\x64-windows\debug\bin" "Debug\CompilerIdCXX.tlog\CompilerIdCXX.write.1u.tlog" "Debug\vcpkg.applocal.log"" zostao zakoäczone przez kod 9009.
  "C:\WINDOWS\System32\WindowsPowerShell\v1.0\powershell.exe" -ExecutionPolicy Bypass -noprofile -File "C:\Projekty\cpp-lib\vcpkg\scripts\buildsystems\msbuild\applocal.ps1" "C:\Users\jstol\CLionProjects\asio_network_programming\build\CMakeFiles\3.22.0\CompilerIdCXX\CompilerIdCXX.exe" "C:\Projekty\cpp-lib\vcpkg\installed\\x64-windows\debug\bin" "Debug\CompilerIdCXX.tlog\CompilerIdCXX.write.1u.tlog" "Debug\vcpkg.applocal.log"
PostBuildEvent:
  for %%i in (cl.exe) do @echo CMAKE_CXX_COMPILER=%%~$PATH:i
  :VCEnd
  CMAKE_CXX_COMPILER=C:\Program Files (x86)\Microsoft Visual Studio\2019\Community\VC\Tools\MSVC\14.29.30133\bin\Hostx64\x64\cl.exe
FinalizeBuildStatus:
  Usuwanie pliku "Debug\CompilerIdCXX.tlog\unsuccessfulbuild".
  Modyfikowanie "Debug\CompilerIdCXX.tlog\CompilerIdCXX.lastbuildstate".
Kompilowanie projektu "C:\Users\jstol\CLionProjects\asio_network_programming\build\CMakeFiles\3.22.0\CompilerIdCXX\CompilerIdCXX.vcxproj" wykonane (domylne elementy docelowe).

Kompilacja powioda si©.
    Ostrzeľenia: 0
    Liczba b©d˘w: 0

Czas, kt˘ry upynĄ: 00:00:01.30


Compilation of the CXX compiler identification source "CMakeCXXCompilerId.cpp" produced "CompilerIdCXX.exe"

Compilation of the CXX compiler identification source "CMakeCXXCompilerId.cpp" produced "CompilerIdCXX.vcxproj"

The CXX compiler identification is MSVC, found in "C:/Users/jstol/CLionProjects/asio_network_programming/build/CMakeFiles/3.22.0/CompilerIdCXX/CompilerIdCXX.exe"

Detecting C compiler ABI info compiled with the following output:
Change Dir: C:/Users/jstol/CLionProjects/asio_network_programming/build/CMakeFiles/CMakeTmp

Run Build Command(s):C:/Program Files (x86)/Microsoft Visual Studio/2019/Community/MSBuild/Current/Bin/MSBuild.exe cmTC_a17b9.vcxproj /p:Configuration=Debug /p:Platform=x64 /p:VisualStudioVersion=16.0 /v:m && Microsoft (R) Build Engine 16.11.2+f32259642 dla platformy .NET Framework
Copyright (C) Microsoft Corporation. Wszelkie prawa zastrzeľone.

  Microsoft (R) C/C++ wersja kompilatora optymalizujĄcego 19.29.30138 dla x64
  Copyright (C) Microsoft Corporation. Wszystkie prawa zastrzeľone.
  CMakeCCompilerABI.c
  cl /c /I"C:\Projekty\cpp-lib\vcpkg\installed\\x64-windows\include" /Zi /W1 /WX- /diagnostics:column /Od /Ob0 /D _MBCS /D WIN32 /D _WINDOWS /D "CMAKE_INTDIR=\"Debug\"" /Gm- /RTC1 /MDd /GS /fp:precise /Zc:wchar_t /Zc:forScope /Zc:inline /Fo"cmTC_a17b9.dir\Debug\\" /Fd"cmTC_a17b9.dir\Debug\vc142.pdb" /external:W1 /Gd /TC /errorReport:queue "C:\Program Files\CMake\share\cmake-3.22\Modules\CMakeCCompilerABI.c"
  cmTC_a17b9.vcxproj -> C:\Users\jstol\CLionProjects\asio_network_programming\build\CMakeFiles\CMakeTmp\Debug\cmTC_a17b9.exe



Detecting CXX compiler ABI info compiled with the following output:
Change Dir: C:/Users/jstol/CLionProjects/asio_network_programming/build/CMakeFiles/CMakeTmp

Run Build Command(s):C:/Program Files (x86)/Microsoft Visual Studio/2019/Community/MSBuild/Current/Bin/MSBuild.exe cmTC_27e52.vcxproj /p:Configuration=Debug /p:Platform=x64 /p:VisualStudioVersion=16.0 /v:m && Microsoft (R) Build Engine 16.11.2+f32259642 dla platformy .NET Framework
Copyright (C) Microsoft Corporation. Wszelkie prawa zastrzeľone.

  Microsoft (R) C/C++ wersja kompilatora optymalizujĄcego 19.29.30138 dla x64
  Copyright (C) Microsoft Corporation. Wszystkie prawa zastrzeľone.
  CMakeCXXCompilerABI.cpp
  cl /c /I"C:\Projekty\cpp-lib\vcpkg\installed\\x64-windows\include" /Zi /W1 /WX- /diagnostics:column /Od /Ob0 /D _MBCS /D WIN32 /D _WINDOWS /D "CMAKE_INTDIR=\"Debug\"" /Gm- /EHsc /RTC1 /MDd /GS /fp:precise /Zc:wchar_t /Zc:forScope /Zc:inline /Fo"cmTC_27e52.dir\Debug\\" /Fd"cmTC_27e52.dir\Debug\vc142.pdb" /external:W1 /Gd /TP /errorReport:queue "C:\Program Files\CMake\share\cmake-3.22\Modules\CMakeCXXCompilerABI.cpp"
  cmTC_27e52.vcxproj -> C:\Users\jstol\CLionProjects\asio_network_programming\build\CMakeFiles\CMakeTmp\Debug\cmTC_27e52.exe



